1623080766394	geckodriver	INFO	Listening on 127.0.0.1:57822
1623080767414	mozrunner::runner	INFO	Running command: "/Applications/Firefox.app/Contents/MacOS/firefox-bin" "--marionette" "-foreground" "-no-remote" "-profile" "/var/folders/r6/n780xb093jl2clll6b8v8dhr0000gn/T/rust_mozprofileBtELvv"
1623080768219	Marionette	INFO	Marionette enabled
console.warn: SearchSettings: "get: No settings file exists, new profile?" (new NotFoundError("Could not open the file at /var/folders/r6/n780xb093jl2clll6b8v8dhr0000gn/T/rust_mozprofileBtELvv/search.json.mozlz4", (void 0)))
1623080771963	Marionette	INFO	Listening on port 57834
1623080772084	Marionette	WARN	TLS certificate errors will be ignored for this session
1623080805727	geckodriver	INFO	Listening on 127.0.0.1:57921
1623080806754	mozrunner::runner	INFO	Running command: "/Applications/Firefox.app/Contents/MacOS/firefox-bin" "--marionette" "-foreground" "-no-remote" "-profile" "/var/folders/r6/n780xb093jl2clll6b8v8dhr0000gn/T/rust_mozprofile1YS8U1"
1623080807318	Marionette	INFO	Marionette enabled
console.warn: SearchSettings: "get: No settings file exists, new profile?" (new NotFoundError("Could not open the file at /var/folders/r6/n780xb093jl2clll6b8v8dhr0000gn/T/rust_mozprofile1YS8U1/search.json.mozlz4", (void 0)))
1623080810329	Marionette	INFO	Listening on port 57932
1623080810382	Marionette	WARN	TLS certificate errors will be ignored for this session
1623080825758	geckodriver	INFO	Listening on 127.0.0.1:58006
1623080826768	mozrunner::runner	INFO	Running command: "/Applications/Firefox.app/Contents/MacOS/firefox-bin" "--marionette" "-foreground" "-no-remote" "-profile" "/var/folders/r6/n780xb093jl2clll6b8v8dhr0000gn/T/rust_mozprofileqhpEYQ"
1623080827470	Marionette	INFO	Marionette enabled
console.warn: SearchSettings: "get: No settings file exists, new profile?" (new NotFoundError("Could not open the file at /var/folders/r6/n780xb093jl2clll6b8v8dhr0000gn/T/rust_mozprofileqhpEYQ/search.json.mozlz4", (void 0)))
1623080830141	Marionette	INFO	Listening on port 58018
1623080830203	Marionette	WARN	TLS certificate errors will be ignored for this session
1623081058756	geckodriver	INFO	Listening on 127.0.0.1:58118
1623081059787	mozrunner::runner	INFO	Running command: "/Applications/Firefox.app/Contents/MacOS/firefox-bin" "--marionette" "-foreground" "-no-remote" "-profile" "/var/folders/r6/n780xb093jl2clll6b8v8dhr0000gn/T/rust_mozprofilex5CvCb"
1623081060357	Marionette	INFO	Marionette enabled
console.warn: SearchSettings: "get: No settings file exists, new profile?" (new NotFoundError("Could not open the file at /var/folders/r6/n780xb093jl2clll6b8v8dhr0000gn/T/rust_mozprofilex5CvCb/search.json.mozlz4", (void 0)))
1623081063037	Marionette	INFO	Listening on port 58132
1623081063106	Marionette	WARN	TLS certificate errors will be ignored for this session
1623081065993	Marionette	INFO	Stopped listening on port 58132

###!!! [Parent][RunMessage] Error: Channel closing: too late to send/recv, messages will be lost

1623081088479	Marionette	INFO	Stopped listening on port 57932

###!!! [Parent][RunMessage] Error: Channel closing: too late to send/recv, messages will be lost

1623081090905	Marionette	INFO	Stopped listening on port 57834
1623081093422	Marionette	INFO	Stopped listening on port 58018
1623081102902	geckodriver	INFO	Listening on 127.0.0.1:58216
1623081103920	mozrunner::runner	INFO	Running command: "/Applications/Firefox.app/Contents/MacOS/firefox-bin" "--marionette" "-foreground" "-no-remote" "-profile" "/var/folders/r6/n780xb093jl2clll6b8v8dhr0000gn/T/rust_mozprofileFiK8v1"
1623081104516	Marionette	INFO	Marionette enabled
console.warn: SearchSettings: "get: No settings file exists, new profile?" (new NotFoundError("Could not open the file at /var/folders/r6/n780xb093jl2clll6b8v8dhr0000gn/T/rust_mozprofileFiK8v1/search.json.mozlz4", (void 0)))
1623081107582	Marionette	INFO	Listening on port 58227
1623081107675	Marionette	WARN	TLS certificate errors will be ignored for this session
1623081110322	Marionette	INFO	Stopped listening on port 58227

###!!! [Parent][RunMessage] Error: Channel closing: too late to send/recv, messages will be lost

1623081128447	geckodriver	INFO	Listening on 127.0.0.1:58311
1623081129465	mozrunner::runner	INFO	Running command: "/Applications/Firefox.app/Contents/MacOS/firefox-bin" "--marionette" "-foreground" "-no-remote" "-profile" "/var/folders/r6/n780xb093jl2clll6b8v8dhr0000gn/T/rust_mozprofileb0xZTs"
1623081130106	Marionette	INFO	Marionette enabled
console.warn: SearchSettings: "get: No settings file exists, new profile?" (new NotFoundError("Could not open the file at /var/folders/r6/n780xb093jl2clll6b8v8dhr0000gn/T/rust_mozprofileb0xZTs/search.json.mozlz4", (void 0)))
1623081132865	Marionette	INFO	Listening on port 58322
1623081132968	Marionette	WARN	TLS certificate errors will be ignored for this session
1623081434035	geckodriver	INFO	Listening on 127.0.0.1:58491
1623081435422	mozrunner::runner	INFO	Running command: "/Applications/Firefox.app/Contents/MacOS/firefox-bin" "--marionette" "-foreground" "-no-remote" "-profile" "/var/folders/r6/n780xb093jl2clll6b8v8dhr0000gn/T/rust_mozprofile1Bnmkr"
1623081436137	Marionette	INFO	Marionette enabled
console.warn: SearchSettings: "get: No settings file exists, new profile?" (new NotFoundError("Could not open the file at /var/folders/r6/n780xb093jl2clll6b8v8dhr0000gn/T/rust_mozprofile1Bnmkr/search.json.mozlz4", (void 0)))
1623081438583	Marionette	INFO	Listening on port 58502
1623081438642	Marionette	WARN	TLS certificate errors will be ignored for this session
JavaScript error: resource://gre/actors/AutoCompleteChild.jsm, line 125: Error: Invalid autocomplete selectedIndex
1623082065393	geckodriver	INFO	Listening on 127.0.0.1:59165
1623082066732	mozrunner::runner	INFO	Running command: "/Applications/Firefox.app/Contents/MacOS/firefox-bin" "--marionette" "-foreground" "-no-remote" "-profile" "/var/folders/r6/n780xb093jl2clll6b8v8dhr0000gn/T/rust_mozprofilePttgTu"
1623082067419	Marionette	INFO	Marionette enabled
console.warn: SearchSettings: "get: No settings file exists, new profile?" (new NotFoundError("Could not open the file at /var/folders/r6/n780xb093jl2clll6b8v8dhr0000gn/T/rust_mozprofilePttgTu/search.json.mozlz4", (void 0)))
1623082069810	Marionette	INFO	Listening on port 59177
1623082069939	Marionette	WARN	TLS certificate errors will be ignored for this session
1623083291653	Marionette	INFO	Stopped listening on port 58322

###!!! [Parent][RunMessage] Error: Channel closing: too late to send/recv, messages will be lost

1623083293693	Marionette	INFO	Stopped listening on port 58502

###!!! [Parent][RunMessage] Error: Channel closing: too late to send/recv, messages will be lost

1623083296307	Marionette	INFO	Stopped listening on port 59177

###!!! [Parent][RunMessage] Error: Channel closing: too late to send/recv, messages will be lost

1623083319959	geckodriver	INFO	Listening on 127.0.0.1:59368
1623083321527	mozrunner::runner	INFO	Running command: "/Applications/Firefox.app/Contents/MacOS/firefox-bin" "--marionette" "-foreground" "-no-remote" "-profile" "/var/folders/r6/n780xb093jl2clll6b8v8dhr0000gn/T/rust_mozprofileljwFAr"
1623083322215	Marionette	INFO	Marionette enabled
console.warn: SearchSettings: "get: No settings file exists, new profile?" (new NotFoundError("Could not open the file at /var/folders/r6/n780xb093jl2clll6b8v8dhr0000gn/T/rust_mozprofileljwFAr/search.json.mozlz4", (void 0)))
1623083324866	Marionette	INFO	Listening on port 59380
1623083324920	Marionette	WARN	TLS certificate errors will be ignored for this session
1623083381821	geckodriver	INFO	Listening on 127.0.0.1:59466
1623083383420	mozrunner::runner	INFO	Running command: "/Applications/Firefox.app/Contents/MacOS/firefox-bin" "--marionette" "-foreground" "-no-remote" "-profile" "/var/folders/r6/n780xb093jl2clll6b8v8dhr0000gn/T/rust_mozprofileVWvU18"
1623083384184	Marionette	INFO	Marionette enabled
console.warn: SearchSettings: "get: No settings file exists, new profile?" (new NotFoundError("Could not open the file at /var/folders/r6/n780xb093jl2clll6b8v8dhr0000gn/T/rust_mozprofileVWvU18/search.json.mozlz4", (void 0)))
1623083386927	Marionette	INFO	Listening on port 59478
1623083387066	Marionette	WARN	TLS certificate errors will be ignored for this session
1623083574764	geckodriver	INFO	Listening on 127.0.0.1:59600
1623083576150	mozrunner::runner	INFO	Running command: "/Applications/Firefox.app/Contents/MacOS/firefox-bin" "--marionette" "-foreground" "-no-remote" "-profile" "/var/folders/r6/n780xb093jl2clll6b8v8dhr0000gn/T/rust_mozprofilegJa4xG"
1623083576838	Marionette	INFO	Marionette enabled
console.warn: SearchSettings: "get: No settings file exists, new profile?" (new NotFoundError("Could not open the file at /var/folders/r6/n780xb093jl2clll6b8v8dhr0000gn/T/rust_mozprofilegJa4xG/search.json.mozlz4", (void 0)))
1623083579321	Marionette	INFO	Listening on port 59611
1623083579357	Marionette	WARN	TLS certificate errors will be ignored for this session
1623083712947	geckodriver	INFO	Listening on 127.0.0.1:59708
1623083714464	mozrunner::runner	INFO	Running command: "/Applications/Firefox.app/Contents/MacOS/firefox-bin" "--marionette" "-foreground" "-no-remote" "-profile" "/var/folders/r6/n780xb093jl2clll6b8v8dhr0000gn/T/rust_mozprofilehIPAAG"
1623083715367	Marionette	INFO	Marionette enabled
console.warn: SearchSettings: "get: No settings file exists, new profile?" (new NotFoundError("Could not open the file at /var/folders/r6/n780xb093jl2clll6b8v8dhr0000gn/T/rust_mozprofilehIPAAG/search.json.mozlz4", (void 0)))
1623083718726	Marionette	INFO	Listening on port 59720
1623083718917	Marionette	WARN	TLS certificate errors will be ignored for this session
1623083875284	geckodriver	INFO	Listening on 127.0.0.1:59843
1623083876719	mozrunner::runner	INFO	Running command: "/Applications/Firefox.app/Contents/MacOS/firefox-bin" "--marionette" "-foreground" "-no-remote" "-profile" "/var/folders/r6/n780xb093jl2clll6b8v8dhr0000gn/T/rust_mozprofilem9LO9q"
1623083877488	Marionette	INFO	Marionette enabled
console.warn: SearchSettings: "get: No settings file exists, new profile?" (new NotFoundError("Could not open the file at /var/folders/r6/n780xb093jl2clll6b8v8dhr0000gn/T/rust_mozprofilem9LO9q/search.json.mozlz4", (void 0)))
1623083880506	Marionette	INFO	Listening on port 59855
1623083880643	Marionette	WARN	TLS certificate errors will be ignored for this session
1623083949514	geckodriver	INFO	Listening on 127.0.0.1:59955
1623083951052	mozrunner::runner	INFO	Running command: "/Applications/Firefox.app/Contents/MacOS/firefox-bin" "--marionette" "-foreground" "-no-remote" "-profile" "/var/folders/r6/n780xb093jl2clll6b8v8dhr0000gn/T/rust_mozprofileO2njX1"
1623083951859	Marionette	INFO	Marionette enabled
console.warn: SearchSettings: "get: No settings file exists, new profile?" (new NotFoundError("Could not open the file at /var/folders/r6/n780xb093jl2clll6b8v8dhr0000gn/T/rust_mozprofileO2njX1/search.json.mozlz4", (void 0)))
1623083955002	Marionette	INFO	Listening on port 59966
1623083955276	Marionette	WARN	TLS certificate errors will be ignored for this session

###!!! [Child][RunMessage] Error: Channel closing: too late to send/recv, messages will be lost

1623084032734	geckodriver	INFO	Listening on 127.0.0.1:60073
1623084034196	mozrunner::runner	INFO	Running command: "/Applications/Firefox.app/Contents/MacOS/firefox-bin" "--marionette" "-foreground" "-no-remote" "-profile" "/var/folders/r6/n780xb093jl2clll6b8v8dhr0000gn/T/rust_mozprofileCj0bav"
1623084034895	Marionette	INFO	Marionette enabled
console.warn: SearchSettings: "get: No settings file exists, new profile?" (new NotFoundError("Could not open the file at /var/folders/r6/n780xb093jl2clll6b8v8dhr0000gn/T/rust_mozprofileCj0bav/search.json.mozlz4", (void 0)))
1623084037990	Marionette	INFO	Listening on port 60084
1623084038031	Marionette	WARN	TLS certificate errors will be ignored for this session
1623084189718	geckodriver	INFO	Listening on 127.0.0.1:60210
1623084191170	mozrunner::runner	INFO	Running command: "/Applications/Firefox.app/Contents/MacOS/firefox-bin" "--marionette" "-foreground" "-no-remote" "-profile" "/var/folders/r6/n780xb093jl2clll6b8v8dhr0000gn/T/rust_mozprofileSD9ySz"
1623084192194	Marionette	INFO	Marionette enabled
console.warn: SearchSettings: "get: No settings file exists, new profile?" (new NotFoundError("Could not open the file at /var/folders/r6/n780xb093jl2clll6b8v8dhr0000gn/T/rust_mozprofileSD9ySz/search.json.mozlz4", (void 0)))
1623084195607	Marionette	INFO	Listening on port 60221
1623084195850	Marionette	WARN	TLS certificate errors will be ignored for this session
1623084326472	geckodriver	INFO	Listening on 127.0.0.1:60352
1623084327854	mozrunner::runner	INFO	Running command: "/Applications/Firefox.app/Contents/MacOS/firefox-bin" "--marionette" "-foreground" "-no-remote" "-profile" "/var/folders/r6/n780xb093jl2clll6b8v8dhr0000gn/T/rust_mozprofilejUA7rO"
1623084328653	Marionette	INFO	Marionette enabled
console.warn: SearchSettings: "get: No settings file exists, new profile?" (new NotFoundError("Could not open the file at /var/folders/r6/n780xb093jl2clll6b8v8dhr0000gn/T/rust_mozprofilejUA7rO/search.json.mozlz4", (void 0)))
1623084331060	Marionette	INFO	Listening on port 60363
1623084331278	Marionette	WARN	TLS certificate errors will be ignored for this session
1623084585495	geckodriver	INFO	Listening on 127.0.0.1:60494
1623084587109	mozrunner::runner	INFO	Running command: "/Applications/Firefox.app/Contents/MacOS/firefox-bin" "--marionette" "-foreground" "-no-remote" "-profile" "/var/folders/r6/n780xb093jl2clll6b8v8dhr0000gn/T/rust_mozprofileVAEJjy"
1623084588030	Marionette	INFO	Marionette enabled
console.warn: SearchSettings: "get: No settings file exists, new profile?" (new NotFoundError("Could not open the file at /var/folders/r6/n780xb093jl2clll6b8v8dhr0000gn/T/rust_mozprofileVAEJjy/search.json.mozlz4", (void 0)))
1623084590621	Marionette	INFO	Listening on port 60508
1623084590720	Marionette	WARN	TLS certificate errors will be ignored for this session
1623084825620	geckodriver	INFO	Listening on 127.0.0.1:60638
1623084827008	mozrunner::runner	INFO	Running command: "/Applications/Firefox.app/Contents/MacOS/firefox-bin" "--marionette" "-foreground" "-no-remote" "-profile" "/var/folders/r6/n780xb093jl2clll6b8v8dhr0000gn/T/rust_mozprofileUhf8Ju"
1623084828493	Marionette	INFO	Marionette enabled
console.warn: SearchSettings: "get: No settings file exists, new profile?" (new NotFoundError("Could not open the file at /var/folders/r6/n780xb093jl2clll6b8v8dhr0000gn/T/rust_mozprofileUhf8Ju/search.json.mozlz4", (void 0)))
1623084832787	Marionette	INFO	Listening on port 60649
1623084832918	Marionette	WARN	TLS certificate errors will be ignored for this session
Exiting due to channel error.
[GFX1-]: Receive IPC close with reason=AbnormalShutdown
[GFX1-]: Receive IPC close with reason=AbnormalShutdown
Exiting due to channel error.
Exiting due to channel error.
1623084889571	geckodriver	INFO	Listening on 127.0.0.1:60801
1623084891049	mozrunner::runner	INFO	Running command: "/Applications/Firefox.app/Contents/MacOS/firefox-bin" "--marionette" "-foreground" "-no-remote" "-profile" "/var/folders/r6/n780xb093jl2clll6b8v8dhr0000gn/T/rust_mozprofile1c3QQV"
1623084891965	Marionette	INFO	Marionette enabled
console.warn: SearchSettings: "get: No settings file exists, new profile?" (new NotFoundError("Could not open the file at /var/folders/r6/n780xb093jl2clll6b8v8dhr0000gn/T/rust_mozprofile1c3QQV/search.json.mozlz4", (void 0)))
1623084895116	Marionette	INFO	Listening on port 60813
1623084895196	Marionette	WARN	TLS certificate errors will be ignored for this session
[GFX1-]: Receive IPC close with reason=AbnormalShutdown
[GFX1-]: Receive IPC close with reason=AbnormalShutdown
Exiting due to channel error.
Exiting due to channel error.
Exiting due to channel error.
1623084943362	Marionette	INFO	Stopped listening on port 59966

###!!! [Parent][RunMessage] Error: Channel closing: too late to send/recv, messages will be lost

Exiting due to channel error.
Exiting due to channel error.
[GFX1-]: Receive IPC close with reason=AbnormalShutdown
Exiting due to channel error.
Exiting due to channel error.
Exiting due to channel error.
[GFX1-]: Receive IPC close with reason=AbnormalShutdown
Exiting due to channel error.
[GFX1-]: Receive IPC close with reason=AbnormalShutdown
Exiting due to channel error.
[GFX1-]: Receive IPC close with reason=AbnormalShutdown
Exiting due to channel error.
Exiting due to channel error.
Exiting due to channel error.
[GFX1-]: Receive IPC close with reason=AbnormalShutdown
Exiting due to channel error.
[GFX1-]: Receive IPC close with reason=AbnormalShutdown
Exiting due to channel error.
Exiting due to channel error.
[GFX1-]: Receive IPC close with reason=AbnormalShutdown
Exiting due to channel error.
Exiting due to channel error.
[GFX1-]: Receive IPC close with reason=AbnormalShutdown
Exiting due to channel error.
[GFX1-]: Receive IPC close with reason=AbnormalShutdown
Exiting due to channel error.
Exiting due to channel error.
Exiting due to channel error.
Exiting due to channel error.
Exiting due to channel error.
1623084959721	geckodriver	INFO	Listening on 127.0.0.1:60905
1623084961173	mozrunner::runner	INFO	Running command: "/Applications/Firefox.app/Contents/MacOS/firefox-bin" "--marionette" "-foreground" "-no-remote" "-profile" "/var/folders/r6/n780xb093jl2clll6b8v8dhr0000gn/T/rust_mozprofilexqllFP"
1623084961945	Marionette	INFO	Marionette enabled
console.warn: SearchSettings: "get: No settings file exists, new profile?" (new NotFoundError("Could not open the file at /var/folders/r6/n780xb093jl2clll6b8v8dhr0000gn/T/rust_mozprofilexqllFP/search.json.mozlz4", (void 0)))
1623084964596	Marionette	INFO	Listening on port 60916
1623084964768	Marionette	WARN	TLS certificate errors will be ignored for this session
1623085021139	geckodriver	INFO	Listening on 127.0.0.1:61000
1623085022575	mozrunner::runner	INFO	Running command: "/Applications/Firefox.app/Contents/MacOS/firefox-bin" "--marionette" "-foreground" "-no-remote" "-profile" "/var/folders/r6/n780xb093jl2clll6b8v8dhr0000gn/T/rust_mozprofilev9JrKh"
1623085023391	Marionette	INFO	Marionette enabled
console.warn: SearchSettings: "get: No settings file exists, new profile?" (new NotFoundError("Could not open the file at /var/folders/r6/n780xb093jl2clll6b8v8dhr0000gn/T/rust_mozprofilev9JrKh/search.json.mozlz4", (void 0)))
1623085026026	Marionette	INFO	Listening on port 61011
1623085026147	Marionette	WARN	TLS certificate errors will be ignored for this session
1623085089414	geckodriver	INFO	Listening on 127.0.0.1:61100
1623085090988	mozrunner::runner	INFO	Running command: "/Applications/Firefox.app/Contents/MacOS/firefox-bin" "--marionette" "-foreground" "-no-remote" "-profile" "/var/folders/r6/n780xb093jl2clll6b8v8dhr0000gn/T/rust_mozprofile9e89k4"
1623085091903	Marionette	INFO	Marionette enabled
console.warn: SearchSettings: "get: No settings file exists, new profile?" (new NotFoundError("Could not open the file at /var/folders/r6/n780xb093jl2clll6b8v8dhr0000gn/T/rust_mozprofile9e89k4/search.json.mozlz4", (void 0)))
1623085094975	Marionette	INFO	Listening on port 61112
1623085095056	Marionette	WARN	TLS certificate errors will be ignored for this session
1623085125835	geckodriver	INFO	Listening on 127.0.0.1:61208
1623085127426	mozrunner::runner	INFO	Running command: "/Applications/Firefox.app/Contents/MacOS/firefox-bin" "--marionette" "-foreground" "-no-remote" "-profile" "/var/folders/r6/n780xb093jl2clll6b8v8dhr0000gn/T/rust_mozprofileSZMgQs"
1623085128330	Marionette	INFO	Marionette enabled
console.warn: SearchSettings: "get: No settings file exists, new profile?" (new NotFoundError("Could not open the file at /var/folders/r6/n780xb093jl2clll6b8v8dhr0000gn/T/rust_mozprofileSZMgQs/search.json.mozlz4", (void 0)))
1623085131526	Marionette	INFO	Listening on port 61219
1623085131612	Marionette	WARN	TLS certificate errors will be ignored for this session
[GFX1-]: Receive IPC close with reason=AbnormalShutdown
Exiting due to channel error.
Exiting due to channel error.
Exiting due to channel error.
1623085180305	geckodriver	INFO	Listening on 127.0.0.1:61321
1623085181983	mozrunner::runner	INFO	Running command: "/Applications/Firefox.app/Contents/MacOS/firefox-bin" "--marionette" "-foreground" "-no-remote" "-profile" "/var/folders/r6/n780xb093jl2clll6b8v8dhr0000gn/T/rust_mozprofile7B76Di"
1623085183030	Marionette	INFO	Marionette enabled
console.warn: SearchSettings: "get: No settings file exists, new profile?" (new NotFoundError("Could not open the file at /var/folders/r6/n780xb093jl2clll6b8v8dhr0000gn/T/rust_mozprofile7B76Di/search.json.mozlz4", (void 0)))
1623085186470	Marionette	INFO	Listening on port 61332
1623085186589	Marionette	WARN	TLS certificate errors will be ignored for this session
1623085235973	geckodriver	INFO	Listening on 127.0.0.1:61439
1623085237426	mozrunner::runner	INFO	Running command: "/Applications/Firefox.app/Contents/MacOS/firefox-bin" "--marionette" "-foreground" "-no-remote" "-profile" "/var/folders/r6/n780xb093jl2clll6b8v8dhr0000gn/T/rust_mozprofileVRBuyq"
1623085238152	Marionette	INFO	Marionette enabled
console.warn: SearchSettings: "get: No settings file exists, new profile?" (new NotFoundError("Could not open the file at /var/folders/r6/n780xb093jl2clll6b8v8dhr0000gn/T/rust_mozprofileVRBuyq/search.json.mozlz4", (void 0)))
1623085240869	Marionette	INFO	Listening on port 61450
1623085240975	Marionette	WARN	TLS certificate errors will be ignored for this session
[GFX1-]: Receive IPC close with reason=AbnormalShutdown
[GFX1-]: Receive IPC close with reason=AbnormalShutdown
Exiting due to channel error.
[GFX1-]: Receive IPC close with reason=AbnormalShutdown
Exiting due to channel error.
Exiting due to channel error.
Exiting due to channel error.
[GFX1-]: Receive IPC close with reason=AbnormalShutdown
[GFX1-]: Receive IPC close with reason=AbnormalShutdown
Exiting due to channel error.
Exiting due to channel error.
[GFX1-]: Receive IPC close with reason=AbnormalShutdown
Exiting due to channel error.
Exiting due to channel error.
[GFX1-]: Receive IPC close with reason=AbnormalShutdown
[GFX1-]: Receive IPC close with reason=AbnormalShutdown
Exiting due to channel error.
[GFX1-]: Receive IPC close with reason=AbnormalShutdown
Exiting due to channel error.
Exiting due to channel error.
1623085459360	geckodriver	INFO	Listening on 127.0.0.1:61572
1623085460878	mozrunner::runner	INFO	Running command: "/Applications/Firefox.app/Contents/MacOS/firefox-bin" "--marionette" "-foreground" "-no-remote" "-profile" "/var/folders/r6/n780xb093jl2clll6b8v8dhr0000gn/T/rust_mozprofile9TaE7s"
1623085461687	Marionette	INFO	Marionette enabled
console.warn: SearchSettings: "get: No settings file exists, new profile?" (new NotFoundError("Could not open the file at /var/folders/r6/n780xb093jl2clll6b8v8dhr0000gn/T/rust_mozprofile9TaE7s/search.json.mozlz4", (void 0)))
1623085464408	Marionette	INFO	Listening on port 61583
1623085464535	Marionette	WARN	TLS certificate errors will be ignored for this session
1623085479514	Marionette	INFO	Stopped listening on port 61583

###!!! [Parent][RunMessage] Error: Channel closing: too late to send/recv, messages will be lost

1623085498516	geckodriver	INFO	Listening on 127.0.0.1:61677
1623085500052	mozrunner::runner	INFO	Running command: "/Applications/Firefox.app/Contents/MacOS/firefox-bin" "--marionette" "-foreground" "-no-remote" "-profile" "/var/folders/r6/n780xb093jl2clll6b8v8dhr0000gn/T/rust_mozprofile2vH4vq"
1623085500858	Marionette	INFO	Marionette enabled
console.warn: SearchSettings: "get: No settings file exists, new profile?" (new NotFoundError("Could not open the file at /var/folders/r6/n780xb093jl2clll6b8v8dhr0000gn/T/rust_mozprofile2vH4vq/search.json.mozlz4", (void 0)))
1623085503545	Marionette	INFO	Listening on port 61688
1623085503643	Marionette	WARN	TLS certificate errors will be ignored for this session
1623085551820	geckodriver	INFO	Listening on 127.0.0.1:61782
1623085553274	mozrunner::runner	INFO	Running command: "/Applications/Firefox.app/Contents/MacOS/firefox-bin" "--marionette" "-foreground" "-no-remote" "-profile" "/var/folders/r6/n780xb093jl2clll6b8v8dhr0000gn/T/rust_mozprofiledltkdF"
1623085554253	Marionette	INFO	Marionette enabled
console.warn: SearchSettings: "get: No settings file exists, new profile?" (new NotFoundError("Could not open the file at /var/folders/r6/n780xb093jl2clll6b8v8dhr0000gn/T/rust_mozprofiledltkdF/search.json.mozlz4", (void 0)))
1623085558272	Marionette	INFO	Listening on port 61794
1623085558371	Marionette	WARN	TLS certificate errors will be ignored for this session
1623085584501	geckodriver	INFO	Listening on 127.0.0.1:61902
1623085585966	mozrunner::runner	INFO	Running command: "/Applications/Firefox.app/Contents/MacOS/firefox-bin" "--marionette" "-foreground" "-no-remote" "-profile" "/var/folders/r6/n780xb093jl2clll6b8v8dhr0000gn/T/rust_mozprofileMMPoZh"
1623085586820	Marionette	INFO	Marionette enabled
console.warn: SearchSettings: "get: No settings file exists, new profile?" (new NotFoundError("Could not open the file at /var/folders/r6/n780xb093jl2clll6b8v8dhr0000gn/T/rust_mozprofileMMPoZh/search.json.mozlz4", (void 0)))
1623085589831	Marionette	INFO	Listening on port 61915
1623085589915	Marionette	WARN	TLS certificate errors will be ignored for this session
JavaScript error: moz-extension://e93bcfcf-ee32-7d4f-b42b-70d58953c491/background.js, line 861: TypeError: /^candidate:.+ (\S+) \d+ typ/.exec(...) is null
JavaScript error: , line 0: TypeError: NetworkError when attempting to fetch resource.
1623085994910	geckodriver	INFO	Listening on 127.0.0.1:62390
1623085996372	mozrunner::runner	INFO	Running command: "/Applications/Firefox.app/Contents/MacOS/firefox-bin" "--marionette" "-foreground" "-no-remote" "-profile" "/var/folders/r6/n780xb093jl2clll6b8v8dhr0000gn/T/rust_mozprofileXg8hO0"
1623085997239	Marionette	INFO	Marionette enabled
console.warn: SearchSettings: "get: No settings file exists, new profile?" (new NotFoundError("Could not open the file at /var/folders/r6/n780xb093jl2clll6b8v8dhr0000gn/T/rust_mozprofileXg8hO0/search.json.mozlz4", (void 0)))
1623086000397	Marionette	INFO	Listening on port 62409
1623086000741	Marionette	WARN	TLS certificate errors will be ignored for this session
JavaScript error: , line 0: TypeError: NetworkError when attempting to fetch resource.
JavaScript error: undefined, line 0: Error: Missing host permission for the tab
Exiting due to channel error.
Exiting due to channel error.
[GFX1-]: Receive IPC close with reason=AbnormalShutdown
Exiting due to channel error.
[GFX1-]: Receive IPC close with reason=AbnormalShutdown
Exiting due to channel error.
Exiting due to channel error.
[GFX1-]: Receive IPC close with reason=AbnormalShutdown
Exiting due to channel error.
Exiting due to channel error.
[GFX1-]: Receive IPC close with reason=AbnormalShutdown
Exiting due to channel error.
Exiting due to channel error.
1623086267070	geckodriver	INFO	Listening on 127.0.0.1:62876
1623086268105	mozrunner::runner	INFO	Running command: "/Applications/Firefox.app/Contents/MacOS/firefox-bin" "--marionette" "-foreground" "-no-remote" "-profile" "/var/folders/r6/n780xb093jl2clll6b8v8dhr0000gn/T/rust_mozprofilev0H2Jx"
1623086268822	Marionette	INFO	Marionette enabled
console.warn: SearchSettings: "get: No settings file exists, new profile?" (new NotFoundError("Could not open the file at /var/folders/r6/n780xb093jl2clll6b8v8dhr0000gn/T/rust_mozprofilev0H2Jx/search.json.mozlz4", (void 0)))
1623086272176	Marionette	INFO	Listening on port 62887
1623086272279	Marionette	WARN	TLS certificate errors will be ignored for this session
1623086348547	geckodriver	INFO	Listening on 127.0.0.1:62970
1623086349570	mozrunner::runner	INFO	Running command: "/Applications/Firefox.app/Contents/MacOS/firefox-bin" "--marionette" "-foreground" "-no-remote" "-profile" "/var/folders/r6/n780xb093jl2clll6b8v8dhr0000gn/T/rust_mozprofileFSTu1r"
1623086350195	Marionette	INFO	Marionette enabled
console.warn: SearchSettings: "get: No settings file exists, new profile?" (new NotFoundError("Could not open the file at /var/folders/r6/n780xb093jl2clll6b8v8dhr0000gn/T/rust_mozprofileFSTu1r/search.json.mozlz4", (void 0)))
1623086353796	Marionette	INFO	Listening on port 62982
1623086354031	Marionette	WARN	TLS certificate errors will be ignored for this session
JavaScript error: moz-extension://d85b7792-db8e-1b4c-afa0-d6fe52dbb7b8/background.js, line 861: TypeError: /^candidate:.+ (\S+) \d+ typ/.exec(...) is null
1623086360973	Marionette	WARN	Ignoring event 'pageshow' because document has an invalid readyState of 'uninitialized'.
JavaScript error: , line 0: TypeError: NetworkError when attempting to fetch resource.
JavaScript error: , line 0: TypeError: NetworkError when attempting to fetch resource.
JavaScript error: , line 0: TypeError: NetworkError when attempting to fetch resource.
1623086452291	geckodriver	INFO	Listening on 127.0.0.1:63089
1623086453318	mozrunner::runner	INFO	Running command: "/Applications/Firefox.app/Contents/MacOS/firefox-bin" "--marionette" "-foreground" "-no-remote" "-profile" "/var/folders/r6/n780xb093jl2clll6b8v8dhr0000gn/T/rust_mozprofileUiMfO5"
1623086454096	Marionette	INFO	Marionette enabled
console.warn: SearchSettings: "get: No settings file exists, new profile?" (new NotFoundError("Could not open the file at /var/folders/r6/n780xb093jl2clll6b8v8dhr0000gn/T/rust_mozprofileUiMfO5/search.json.mozlz4", (void 0)))
1623086457129	Marionette	INFO	Listening on port 63100
1623086457243	Marionette	WARN	TLS certificate errors will be ignored for this session
JavaScript error: moz-extension://fccf97de-a8bf-3a44-bce3-da88b15b96ed/background.js, line 861: TypeError: /^candidate:.+ (\S+) \d+ typ/.exec(...) is null
1623086465062	Marionette	WARN	Ignoring event 'pageshow' because document has an invalid readyState of 'uninitialized'.
JavaScript error: , line 0: TypeError: NetworkError when attempting to fetch resource.
JavaScript error: , line 0: TypeError: NetworkError when attempting to fetch resource.
Exiting due to channel error.
[GFX1-]: Receive IPC close with reason=AbnormalShutdown
Exiting due to channel error.
[GFX1-]: Receive IPC close with reason=AbnormalShutdown
Exiting due to channel error.
[GFX1-]: Receive IPC close with reason=AbnormalShutdown
[GFX1-]: Receive IPC close with reason=AbnormalShutdown
[GFX1-]: Receive IPC close with reason=AbnormalShutdown
[GFX1-]: Receive IPC close with reason=AbnormalShutdown
[GFX1-]: Receive IPC close with reason=AbnormalShutdown
Exiting due to channel error.
Exiting due to channel error.
Exiting due to channel error.
Exiting due to channel error.
Exiting due to channel error.
Exiting due to channel error.
Exiting due to channel error.
